0 info it worked if it ends with ok
1 verbose cli [ '/usr/local/bin/node', '/usr/local/bin/npm', 'publish' ]
2 info using npm@3.10.10
3 info using node@v7.2.1
4 verbose publish [ '.' ]
5 silly cache add args [ '.', null ]
6 verbose cache add spec .
7 silly cache add parsed spec Result {
7 silly cache add   raw: '.',
7 silly cache add   scope: null,
7 silly cache add   escapedName: null,
7 silly cache add   name: null,
7 silly cache add   rawSpec: '.',
7 silly cache add   spec: '/Users/andrewavsenin/Projects/lua-import',
7 silly cache add   type: 'directory' }
8 verbose addLocalDirectory /Users/andrewavsenin/.npm/gulp-lua-import/0.1.4/package.tgz not in flight; packing
9 verbose correctMkdir /Users/andrewavsenin/.npm correctMkdir not in flight; initializing
10 info lifecycle gulp-lua-import@0.1.4~prepublish: gulp-lua-import@0.1.4
11 silly lifecycle gulp-lua-import@0.1.4~prepublish: no script for prepublish, continuing
12 verbose tar pack [ '/Users/andrewavsenin/.npm/gulp-lua-import/0.1.4/package.tgz',
12 verbose tar pack   '/Users/andrewavsenin/Projects/lua-import' ]
13 verbose tarball /Users/andrewavsenin/.npm/gulp-lua-import/0.1.4/package.tgz
14 verbose folder /Users/andrewavsenin/Projects/lua-import
15 verbose addLocalTarball adding from inside cache /Users/andrewavsenin/.npm/gulp-lua-import/0.1.4/package.tgz
16 verbose correctMkdir /Users/andrewavsenin/.npm correctMkdir not in flight; initializing
17 silly cache afterAdd gulp-lua-import@0.1.4
18 verbose afterAdd /Users/andrewavsenin/.npm/gulp-lua-import/0.1.4/package/package.json not in flight; writing
19 verbose correctMkdir /Users/andrewavsenin/.npm correctMkdir not in flight; initializing
20 verbose afterAdd /Users/andrewavsenin/.npm/gulp-lua-import/0.1.4/package/package.json written
21 silly publish { name: 'gulp-lua-import',
21 silly publish   version: '0.1.4',
21 silly publish   description: 'Bundle lua modules',
21 silly publish   main: 'index.js',
21 silly publish   scripts: { test: 'echo "Error: no test specified" && exit 1' },
21 silly publish   keywords: [ 'lua', 'import' ],
21 silly publish   author: { name: 'snatvb' },
21 silly publish   license: 'ISC',
21 silly publish   dependencies:
21 silly publish    { 'gulp-util': '^3.0.7',
21 silly publish      replacestream: '^4.0.0',
21 silly publish      through2: '^2.0.3' },
21 silly publish   readme: '# gulp-lua-import\nКонфигурационный файл для сборки:\n```sh\nconst gulp = require(\'gulp\');\nconst luaImport = require(\'gulp-lua-import\');\n\ngulp.task(\'default\', function () {\n  return gulp.src(\'./test/**/*.lua\')\n    .pipe(luaImport())\n    .pipe(gulp.dest(\'./dist\'))\n});\n```\nГде `./test/**/*.lua` - папка с вашими *lua* файлами, а `./dist` - где будут храниться ваши собранные файлы\n\n##  Использование\n`local module = require(\'./_module_module\')`\nВ *require* не имеет значения, будут одинарные или двойные ковычки. Файлы с имемем в начале *_module_* не попадут в *dist*, но будут в сборке. Собирается все как в стандартном языке *Lua*.\n\nПример такой сборки:\n\n```sh\n-- test/index.lua\nlocal module = require(\'./_module_module\')\nlocal module2 = require(\'./_module_module2\')\n\nlocal test = "test str"\n```\n```sh\n-- test/_module_module.lua\nlocal ff = require(\'./_module_formodule\');\n\nlocal testModule = \'test 1 module file\'\nreturn testModule\n```\n\nСборка(другие файлы смотрите в репозитории):\n```sh\n-- dist/index.lua\nlocal module = (function()\n    local ff = (function()\n        local moduleformodule = \'this module for module 1\'\n\n        return moduleformodule\n    end)();\n\n    local testModule = \'test 1 module file\'\n    return testModule\nend)()\nlocal module2 = (function()\n    local test2Module = \'test 2 module file\'\n\n    return test2Module\nend)()\n\nlocal test = "test str"\n```\n',
21 silly publish   readmeFilename: 'README.md',
21 silly publish   gitHead: '3ad5c8cdd26a091acd838ec2af091942c53cfaf7',
21 silly publish   _id: 'gulp-lua-import@0.1.4',
21 silly publish   _shasum: '5e4548d558e1534dad00ac1d9ce961d90fbb6079',
21 silly publish   _from: '.' }
22 verbose getPublishConfig undefined
23 silly mapToRegistry name gulp-lua-import
24 silly mapToRegistry using default registry
25 silly mapToRegistry registry https://registry.npmjs.org/
26 silly mapToRegistry data Result {
26 silly mapToRegistry   raw: 'gulp-lua-import',
26 silly mapToRegistry   scope: null,
26 silly mapToRegistry   escapedName: 'gulp-lua-import',
26 silly mapToRegistry   name: 'gulp-lua-import',
26 silly mapToRegistry   rawSpec: '',
26 silly mapToRegistry   spec: 'latest',
26 silly mapToRegistry   type: 'tag' }
27 silly mapToRegistry uri https://registry.npmjs.org/gulp-lua-import
28 verbose publish registryBase https://registry.npmjs.org/
29 silly publish uploading /Users/andrewavsenin/.npm/gulp-lua-import/0.1.4/package.tgz
30 verbose request uri https://registry.npmjs.org/gulp-lua-import
31 verbose request sending authorization for write operation
32 info attempt registry request try #1 at 8:54:53 PM
33 verbose request using bearer token for auth
34 verbose request id 08643cef22bf5435
35 http request PUT https://registry.npmjs.org/gulp-lua-import
36 http 403 https://registry.npmjs.org/gulp-lua-import
37 verbose headers { 'content-type': 'application/json',
37 verbose headers   'cache-control': 'max-age=300',
37 verbose headers   'content-length': '95',
37 verbose headers   'accept-ranges': 'bytes',
37 verbose headers   date: 'Tue, 17 Jan 2017 17:54:57 GMT',
37 verbose headers   via: '1.1 varnish',
37 verbose headers   connection: 'keep-alive',
37 verbose headers   'x-served-by': 'cache-bma7024-BMA',
37 verbose headers   'x-cache': 'MISS',
37 verbose headers   'x-cache-hits': '0',
37 verbose headers   'x-timer': 'S1484675696.093372,VS0,VE984',
37 verbose headers   vary: 'Accept-Encoding' }
38 verbose request invalidating /Users/andrewavsenin/.npm/registry.npmjs.org/gulp-lua-import on PUT
39 error publish Failed PUT 403
40 verbose stack Error: "You cannot publish over the previously published version 0.1.4." : gulp-lua-import
40 verbose stack     at makeError (/usr/local/lib/node_modules/npm/node_modules/npm-registry-client/lib/request.js:302:12)
40 verbose stack     at CachingRegistryClient.<anonymous> (/usr/local/lib/node_modules/npm/node_modules/npm-registry-client/lib/request.js:290:14)
40 verbose stack     at Request._callback (/usr/local/lib/node_modules/npm/node_modules/npm-registry-client/lib/request.js:210:14)
40 verbose stack     at Request.self.callback (/usr/local/lib/node_modules/npm/node_modules/request/request.js:187:22)
40 verbose stack     at emitTwo (events.js:106:13)
40 verbose stack     at Request.emit (events.js:191:7)
40 verbose stack     at Request.<anonymous> (/usr/local/lib/node_modules/npm/node_modules/request/request.js:1048:10)
40 verbose stack     at emitOne (events.js:96:13)
40 verbose stack     at Request.emit (events.js:188:7)
40 verbose stack     at IncomingMessage.<anonymous> (/usr/local/lib/node_modules/npm/node_modules/request/request.js:969:12)
41 verbose statusCode 403
42 verbose pkgid gulp-lua-import
43 verbose cwd /Users/andrewavsenin/Projects/lua-import
44 error Darwin 16.4.0
45 error argv "/usr/local/bin/node" "/usr/local/bin/npm" "publish"
46 error node v7.2.1
47 error npm  v3.10.10
48 error code E403
49 error "You cannot publish over the previously published version 0.1.4." : gulp-lua-import
50 error If you need help, you may report this error at:
50 error     <https://github.com/npm/npm/issues>
51 verbose exit [ 1, true ]
